[0.406s] DEBUG:colcon:Command line arguments: ['/usr/bin/colcon', 'build']
[0.406s] DEBUG:colcon:Parsed command line arguments: Namespace(log_base=None, log_level=None, verb_name='build', build_base='build', install_base='install', merge_install=False, symlink_install=False, test_result_base=None, continue_on_error=False, executor='parallel', parallel_workers=2, event_handlers=None, ignore_user_meta=False, metas=['./colcon.meta'], base_paths=['.'], packages_ignore=None, packages_ignore_regex=None, paths=None, packages_up_to=None, packages_up_to_regex=None, packages_above=None, packages_above_and_dependencies=None, packages_above_depth=None, packages_select_by_dep=None, packages_skip_by_dep=None, packages_skip_up_to=None, packages_select_build_failed=False, packages_skip_build_finished=False, packages_select_test_failures=False, packages_skip_test_passed=False, packages_select=None, packages_skip=None, packages_select_regex=None, packages_skip_regex=None, packages_start=None, packages_end=None, allow_overriding=[], cmake_args=None, cmake_target=None, cmake_target_skip_unavailable=False, cmake_clean_cache=False, cmake_clean_first=False, cmake_force_configure=False, ament_cmake_args=None, catkin_cmake_args=None, catkin_skip_building_tests=False, verb_parser=<colcon_defaults.argument_parser.defaults.DefaultArgumentsDecorator object at 0x7ff8146bd690>, verb_extension=<colcon_core.verb.build.BuildVerb object at 0x7ff814eb5360>, main=<bound method BuildVerb.main of <colcon_core.verb.build.BuildVerb object at 0x7ff814eb5360>>)
[0.442s] Level 1:colcon.colcon_core.package_discovery:discover_packages(colcon_meta) check parameters
[0.442s] Level 1:colcon.colcon_core.package_discovery:discover_packages(recursive) check parameters
[0.442s] Level 1:colcon.colcon_core.package_discovery:discover_packages(ignore) check parameters
[0.442s] Level 1:colcon.colcon_core.package_discovery:discover_packages(path) check parameters
[0.442s] Level 1:colcon.colcon_core.package_discovery:discover_packages(colcon_meta) discover
[0.442s] Level 1:colcon.colcon_core.package_discovery:discover_packages(recursive) discover
[0.442s] INFO:colcon.colcon_core.package_discovery:Crawling recursively for packages in '/home/ubuntu/ros2_ws/src'
[0.442s] Level 1:colcon.colcon_core.package_identification:_identify(.) by extensions ['ignore', 'ignore_ament_install']
[0.442s] Level 1:colcon.colcon_core.package_identification:_identify(.) by extension 'ignore'
[0.442s] Level 1:colcon.colcon_core.package_identification:_identify(.) by extension 'ignore_ament_install'
[0.442s] Level 1:colcon.colcon_core.package_identification:_identify(.) by extensions ['colcon_pkg']
[0.442s] Level 1:colcon.colcon_core.package_identification:_identify(.) by extension 'colcon_pkg'
[0.442s] Level 1:colcon.colcon_core.package_identification:_identify(.) by extensions ['colcon_meta']
[0.442s] Level 1:colcon.colcon_core.package_identification:_identify(.) by extension 'colcon_meta'
[0.442s] Level 1:colcon.colcon_core.package_identification:_identify(.) by extensions ['ros']
[0.442s] Level 1:colcon.colcon_core.package_identification:_identify(.) by extension 'ros'
[0.452s] Level 1:colcon.colcon_core.package_identification:_identify(.) by extensions ['cmake', 'python']
[0.452s] Level 1:colcon.colcon_core.package_identification:_identify(.) by extension 'cmake'
[0.452s] Level 1:colcon.colcon_core.package_identification:_identify(.) by extension 'python'
[0.452s] Level 1:colcon.colcon_core.package_identification:_identify(.) by extensions ['python_setup_py']
[0.452s] Level 1:colcon.colcon_core.package_identification:_identify(.) by extension 'python_setup_py'
[0.452s] Level 1:colcon.colcon_core.package_identification:_identify(build) by extensions ['ignore', 'ignore_ament_install']
[0.452s] Level 1:colcon.colcon_core.package_identification:_identify(build) by extension 'ignore'
[0.452s] Level 1:colcon.colcon_core.package_identification:_identify(build) ignored
[0.452s] Level 1:colcon.colcon_core.package_identification:_identify(install) by extensions ['ignore', 'ignore_ament_install']
[0.452s] Level 1:colcon.colcon_core.package_identification:_identify(install) by extension 'ignore'
[0.452s] Level 1:colcon.colcon_core.package_identification:_identify(install) ignored
[0.452s] Level 1:colcon.colcon_core.package_identification:_identify(log) by extensions ['ignore', 'ignore_ament_install']
[0.453s] Level 1:colcon.colcon_core.package_identification:_identify(log) by extension 'ignore'
[0.453s] Level 1:colcon.colcon_core.package_identification:_identify(log) ignored
[0.453s] Level 1:colcon.colcon_core.package_identification:_identify(ros_tutorials) by extensions ['ignore', 'ignore_ament_install']
[0.453s] Level 1:colcon.colcon_core.package_identification:_identify(ros_tutorials) by extension 'ignore'
[0.453s] Level 1:colcon.colcon_core.package_identification:_identify(ros_tutorials) by extension 'ignore_ament_install'
[0.453s] Level 1:colcon.colcon_core.package_identification:_identify(ros_tutorials) by extensions ['colcon_pkg']
[0.453s] Level 1:colcon.colcon_core.package_identification:_identify(ros_tutorials) by extension 'colcon_pkg'
[0.453s] Level 1:colcon.colcon_core.package_identification:_identify(ros_tutorials) by extensions ['colcon_meta']
[0.453s] Level 1:colcon.colcon_core.package_identification:_identify(ros_tutorials) by extension 'colcon_meta'
[0.453s] Level 1:colcon.colcon_core.package_identification:_identify(ros_tutorials) by extensions ['ros']
[0.453s] Level 1:colcon.colcon_core.package_identification:_identify(ros_tutorials) by extension 'ros'
[0.453s] Level 1:colcon.colcon_core.package_identification:_identify(ros_tutorials) by extensions ['cmake', 'python']
[0.453s] Level 1:colcon.colcon_core.package_identification:_identify(ros_tutorials) by extension 'cmake'
[0.453s] Level 1:colcon.colcon_core.package_identification:_identify(ros_tutorials) by extension 'python'
[0.453s] Level 1:colcon.colcon_core.package_identification:_identify(ros_tutorials) by extensions ['python_setup_py']
[0.453s] Level 1:colcon.colcon_core.package_identification:_identify(ros_tutorials) by extension 'python_setup_py'
[0.453s] Level 1:colcon.colcon_core.package_identification:_identify(ros_tutorials/ros_tutorials) by extensions ['ignore', 'ignore_ament_install']
[0.453s] Level 1:colcon.colcon_core.package_identification:_identify(ros_tutorials/ros_tutorials) by extension 'ignore'
[0.453s] Level 1:colcon.colcon_core.package_identification:_identify(ros_tutorials/ros_tutorials) ignored
[0.453s] Level 1:colcon.colcon_core.package_identification:_identify(ros_tutorials/roscpp_tutorials) by extensions ['ignore', 'ignore_ament_install']
[0.453s] Level 1:colcon.colcon_core.package_identification:_identify(ros_tutorials/roscpp_tutorials) by extension 'ignore'
[0.453s] Level 1:colcon.colcon_core.package_identification:_identify(ros_tutorials/roscpp_tutorials) ignored
[0.453s] Level 1:colcon.colcon_core.package_identification:_identify(ros_tutorials/rospy_tutorials) by extensions ['ignore', 'ignore_ament_install']
[0.453s] Level 1:colcon.colcon_core.package_identification:_identify(ros_tutorials/rospy_tutorials) by extension 'ignore'
[0.453s] Level 1:colcon.colcon_core.package_identification:_identify(ros_tutorials/rospy_tutorials) ignored
[0.453s] Level 1:colcon.colcon_core.package_identification:_identify(ros_tutorials/turtlesim) by extensions ['ignore', 'ignore_ament_install']
[0.453s] Level 1:colcon.colcon_core.package_identification:_identify(ros_tutorials/turtlesim) by extension 'ignore'
[0.453s] Level 1:colcon.colcon_core.package_identification:_identify(ros_tutorials/turtlesim) by extension 'ignore_ament_install'
[0.454s] Level 1:colcon.colcon_core.package_identification:_identify(ros_tutorials/turtlesim) by extensions ['colcon_pkg']
[0.454s] Level 1:colcon.colcon_core.package_identification:_identify(ros_tutorials/turtlesim) by extension 'colcon_pkg'
[0.454s] Level 1:colcon.colcon_core.package_identification:_identify(ros_tutorials/turtlesim) by extensions ['colcon_meta']
[0.454s] Level 1:colcon.colcon_core.package_identification:_identify(ros_tutorials/turtlesim) by extension 'colcon_meta'
[0.454s] Level 1:colcon.colcon_core.package_identification:_identify(ros_tutorials/turtlesim) by extensions ['ros']
[0.454s] Level 1:colcon.colcon_core.package_identification:_identify(ros_tutorials/turtlesim) by extension 'ros'
[0.456s] DEBUG:colcon.colcon_core.package_identification:Package 'ros_tutorials/turtlesim' with type 'ros.ament_cmake' and name 'turtlesim'
[0.456s] Level 1:colcon.colcon_core.package_discovery:discover_packages(recursive) using defaults
[0.456s] Level 1:colcon.colcon_core.package_discovery:discover_packages(ignore) discover
[0.456s] Level 1:colcon.colcon_core.package_discovery:discover_packages(ignore) using defaults
[0.456s] Level 1:colcon.colcon_core.package_discovery:discover_packages(path) discover
[0.456s] Level 1:colcon.colcon_core.package_discovery:discover_packages(path) using defaults
[0.498s] Level 1:colcon.colcon_core.package_discovery:discover_packages(prefix_path) check parameters
[0.498s] Level 1:colcon.colcon_core.package_discovery:discover_packages(prefix_path) discover
[0.518s] DEBUG:colcon.colcon_installed_package_information.package_discovery:Found 358 installed packages in /home/ubuntu/ros2_iron/install
[0.519s] Level 1:colcon.colcon_core.package_discovery:discover_packages(prefix_path) using defaults
[0.777s] Level 5:colcon.colcon_core.verb:set package 'turtlesim' build argument 'cmake_args' from command line to 'None'
[0.777s] Level 5:colcon.colcon_core.verb:set package 'turtlesim' build argument 'cmake_target' from command line to 'None'
[0.777s] Level 5:colcon.colcon_core.verb:set package 'turtlesim' build argument 'cmake_target_skip_unavailable' from command line to 'False'
[0.777s] Level 5:colcon.colcon_core.verb:set package 'turtlesim' build argument 'cmake_clean_cache' from command line to 'False'
[0.777s] Level 5:colcon.colcon_core.verb:set package 'turtlesim' build argument 'cmake_clean_first' from command line to 'False'
[0.777s] Level 5:colcon.colcon_core.verb:set package 'turtlesim' build argument 'cmake_force_configure' from command line to 'False'
[0.777s] Level 5:colcon.colcon_core.verb:set package 'turtlesim' build argument 'ament_cmake_args' from command line to 'None'
[0.777s] Level 5:colcon.colcon_core.verb:set package 'turtlesim' build argument 'catkin_cmake_args' from command line to 'None'
[0.777s] Level 5:colcon.colcon_core.verb:set package 'turtlesim' build argument 'catkin_skip_building_tests' from command line to 'False'
[0.777s] DEBUG:colcon.colcon_core.verb:Building package 'turtlesim' with the following arguments: {'ament_cmake_args': None, 'build_base': '/home/ubuntu/ros2_ws/src/build/turtlesim', 'catkin_cmake_args': None, 'catkin_skip_building_tests': False, 'cmake_args': None, 'cmake_clean_cache': False, 'cmake_clean_first': False, 'cmake_force_configure': False, 'cmake_target': None, 'cmake_target_skip_unavailable': False, 'install_base': '/home/ubuntu/ros2_ws/src/install/turtlesim', 'merge_install': False, 'path': '/home/ubuntu/ros2_ws/src/ros_tutorials/turtlesim', 'symlink_install': False, 'test_result_base': None}
[0.778s] INFO:colcon.colcon_core.executor:Executing jobs using 'parallel' executor
[0.781s] DEBUG:colcon.colcon_parallel_executor.executor.parallel:run_until_complete
[0.781s] INFO:colcon.colcon_ros.task.ament_cmake.build:Building ROS package in '/home/ubuntu/ros2_ws/src/ros_tutorials/turtlesim' with build type 'ament_cmake'
[0.781s] INFO:colcon.colcon_cmake.task.cmake.build:Building CMake package in '/home/ubuntu/ros2_ws/src/ros_tutorials/turtlesim'
[0.790s] INFO:colcon.colcon_core.plugin_system:Skipping extension 'colcon_core.shell.bat': Not used on non-Windows systems
[0.790s] INFO:colcon.colcon_core.shell:Skip shell extension 'powershell' for command environment: Not usable outside of PowerShell
[0.791s] DEBUG:colcon.colcon_core.shell:Skip shell extension 'dsv' for command environment
[0.824s] DEBUG:colcon.colcon_core.event_handler.log_command:Invoking command in '/home/ubuntu/ros2_ws/src/build/turtlesim': CMAKE_PREFIX_PATH=${CMAKE_PREFIX_PATH}:/home/ubuntu/ros2_iron/install/rqt_bag_plugins:/home/ubuntu/ros2_iron/install/rqt_bag:/home/ubuntu/ros2_iron/install/rosbag2_examples_py:/home/ubuntu/ros2_iron/install/launch_testing_examples:/home/ubuntu/ros2_iron/install/ros2bag:/home/ubuntu/ros2_iron/install/tracetools_test:/home/ubuntu/ros2_iron/install/tracetools_launch:/home/ubuntu/ros2_iron/install/topic_monitor:/home/ubuntu/ros2_iron/install/tf2_tools:/home/ubuntu/ros2_iron/install/examples_tf2_py:/home/ubuntu/ros2_iron/install/tf2_ros_py:/home/ubuntu/ros2_iron/install/examples_rclpy_pointcloud_publisher:/home/ubuntu/ros2_iron/install/sensor_msgs_py:/home/ubuntu/ros2_iron/install/quality_of_service_demo_py:/home/ubuntu/ros2_iron/install/rqt_plot:/home/ubuntu/ros2_iron/install/ros2doctor:/home/ubuntu/ros2_iron/install/lifecycle_py:/home/ubuntu/ros2_iron/install/examples_rclpy_minimal_subscriber:/home/ubuntu/ros2_iron/install/examples_rclpy_minimal_service:/home/ubuntu/ros2_iron/install/examples_rclpy_minimal_publisher:/home/ubuntu/ros2_iron/install/examples_rclpy_minimal_client:/home/ubuntu/ros2_iron/install/examples_rclpy_executors:/home/ubuntu/ros2_iron/install/demo_nodes_py:/home/ubuntu/ros2_iron/install/rqt:/home/ubuntu/ros2_iron/install/ros2component:/home/ubuntu/ros2_iron/install/sros2:/home/ubuntu/ros2_iron/install/rqt_topic:/home/ubuntu/ros2_iron/install/rqt_srv:/home/ubuntu/ros2_iron/install/rqt_shell:/home/ubuntu/ros2_iron/install/rqt_service_caller:/home/ubuntu/ros2_iron/install/rqt_reconfigure:/home/ubuntu/ros2_iron/install/rqt_py_console:/home/ubuntu/ros2_iron/install/rqt_publisher:/home/ubuntu/ros2_iron/install/rqt_action:/home/ubuntu/ros2_iron/install/rqt_msg:/home/ubuntu/ros2_iron/install/rqt_console:/home/ubuntu/ros2_iron/install/rqt_graph:/home/ubuntu/ros2_iron/install/rqt_gui_py:/home/ubuntu/ros2_iron/install/rqt_gui:/home/ubuntu/ros2_iron/install/ros2trace:/home/ubuntu/ros2_iron/install/ros2topic:/home/ubuntu/ros2_iron/install/ros2test:/home/ubuntu/ros2_iron/install/ros2param:/home/ubuntu/ros2_iron/install/ros2lifecycle:/home/ubuntu/ros2_iron/install/ros2service:/home/ubuntu/ros2_iron/install/ros2run:/home/ubuntu/ros2_iron/install/ros2launch:/home/ubuntu/ros2_iron/install/ros2pkg:/home/ubuntu/ros2_iron/install/ros2node:/home/ubuntu/ros2_iron/install/ros2multicast:/home/ubuntu/ros2_iron/install/ros2interface:/home/ubuntu/ros2_iron/install/ros2action:/home/ubuntu/ros2_iron/install/ros2cli:/home/ubuntu/ros2_iron/install/launch_testing_ros:/home/ubuntu/ros2_iron/install/launch_ros:/home/ubuntu/ros2_iron/install/examples_rclpy_minimal_action_server:/home/ubuntu/ros2_iron/install/examples_rclpy_minimal_action_client:/home/ubuntu/ros2_iron/install/examples_rclpy_guard_conditions:/home/ubuntu/ros2_iron/install/action_tutorials_py:/home/ubuntu/ros2_iron/install/ament_uncrustify:/home/ubuntu/ros2_iron/install/tracetools_trace:/home/ubuntu/ros2_iron/install/tracetools_read:/home/ubuntu/ros2_iron/install/test_tracetools_launch:/home/ubuntu/ros2_iron/install/test_ros2trace:/home/ubuntu/ros2_iron/install/test_launch_ros:/home/ubuntu/ros2_iron/install/rpyutils:/home/ubuntu/ros2_iron/install/rosidl_runtime_py:/home/ubuntu/ros2_iron/install/rosidl_pycommon:/home/ubuntu/ros2_iron/install/rosidl_cli:/home/ubuntu/ros2_iron/install/launch_pytest:/home/ubuntu/ros2_iron/install/launch_testing:/home/ubuntu/ros2_iron/install/launch_yaml:/home/ubuntu/ros2_iron/install/launch_xml:/home/ubuntu/ros2_iron/install/launch:/home/ubuntu/ros2_iron/install/osrf_pycommon:/home/ubuntu/ros2_iron/install/domain_coordinator:/home/ubuntu/ros2_iron/install/ament_xmllint:/home/ubuntu/ros2_iron/install/ament_pyflakes:/home/ubuntu/ros2_iron/install/ament_pycodestyle:/home/ubuntu/ros2_iron/install/ament_pep257:/home/ubuntu/ros2_iron/install/ament_pclint:/home/ubuntu/ros2_iron/install/ament_package:/home/ubuntu/ros2_iron/install/ament_mypy:/home/ubuntu/ros2_iron/install/ament_lint_cmake:/home/ubuntu/ros2_iron/install/ament_flake8:/home/ubuntu/ros2_iron/install/ament_copyright:/home/ubuntu/ros2_iron/install/ament_lint:/home/ubuntu/ros2_iron/install/ament_index_python:/home/ubuntu/ros2_iron/install/ament_cpplint:/home/ubuntu/ros2_iron/install/ament_cppcheck:/home/ubuntu/ros2_iron/install/ament_clang_tidy:/home/ubuntu/ros2_iron/install/ament_clang_format /usr/bin/cmake /home/ubuntu/ros2_ws/src/ros_tutorials/turtlesim -DCMAKE_INSTALL_PREFIX=/home/ubuntu/ros2_ws/src/install/turtlesim
[6.970s] DEBUG:colcon.colcon_core.event_handler.log_command:Invoked command in '/home/ubuntu/ros2_ws/src/build/turtlesim' returned '0': CMAKE_PREFIX_PATH=${CMAKE_PREFIX_PATH}:/home/ubuntu/ros2_iron/install/rqt_bag_plugins:/home/ubuntu/ros2_iron/install/rqt_bag:/home/ubuntu/ros2_iron/install/rosbag2_examples_py:/home/ubuntu/ros2_iron/install/launch_testing_examples:/home/ubuntu/ros2_iron/install/ros2bag:/home/ubuntu/ros2_iron/install/tracetools_test:/home/ubuntu/ros2_iron/install/tracetools_launch:/home/ubuntu/ros2_iron/install/topic_monitor:/home/ubuntu/ros2_iron/install/tf2_tools:/home/ubuntu/ros2_iron/install/examples_tf2_py:/home/ubuntu/ros2_iron/install/tf2_ros_py:/home/ubuntu/ros2_iron/install/examples_rclpy_pointcloud_publisher:/home/ubuntu/ros2_iron/install/sensor_msgs_py:/home/ubuntu/ros2_iron/install/quality_of_service_demo_py:/home/ubuntu/ros2_iron/install/rqt_plot:/home/ubuntu/ros2_iron/install/ros2doctor:/home/ubuntu/ros2_iron/install/lifecycle_py:/home/ubuntu/ros2_iron/install/examples_rclpy_minimal_subscriber:/home/ubuntu/ros2_iron/install/examples_rclpy_minimal_service:/home/ubuntu/ros2_iron/install/examples_rclpy_minimal_publisher:/home/ubuntu/ros2_iron/install/examples_rclpy_minimal_client:/home/ubuntu/ros2_iron/install/examples_rclpy_executors:/home/ubuntu/ros2_iron/install/demo_nodes_py:/home/ubuntu/ros2_iron/install/rqt:/home/ubuntu/ros2_iron/install/ros2component:/home/ubuntu/ros2_iron/install/sros2:/home/ubuntu/ros2_iron/install/rqt_topic:/home/ubuntu/ros2_iron/install/rqt_srv:/home/ubuntu/ros2_iron/install/rqt_shell:/home/ubuntu/ros2_iron/install/rqt_service_caller:/home/ubuntu/ros2_iron/install/rqt_reconfigure:/home/ubuntu/ros2_iron/install/rqt_py_console:/home/ubuntu/ros2_iron/install/rqt_publisher:/home/ubuntu/ros2_iron/install/rqt_action:/home/ubuntu/ros2_iron/install/rqt_msg:/home/ubuntu/ros2_iron/install/rqt_console:/home/ubuntu/ros2_iron/install/rqt_graph:/home/ubuntu/ros2_iron/install/rqt_gui_py:/home/ubuntu/ros2_iron/install/rqt_gui:/home/ubuntu/ros2_iron/install/ros2trace:/home/ubuntu/ros2_iron/install/ros2topic:/home/ubuntu/ros2_iron/install/ros2test:/home/ubuntu/ros2_iron/install/ros2param:/home/ubuntu/ros2_iron/install/ros2lifecycle:/home/ubuntu/ros2_iron/install/ros2service:/home/ubuntu/ros2_iron/install/ros2run:/home/ubuntu/ros2_iron/install/ros2launch:/home/ubuntu/ros2_iron/install/ros2pkg:/home/ubuntu/ros2_iron/install/ros2node:/home/ubuntu/ros2_iron/install/ros2multicast:/home/ubuntu/ros2_iron/install/ros2interface:/home/ubuntu/ros2_iron/install/ros2action:/home/ubuntu/ros2_iron/install/ros2cli:/home/ubuntu/ros2_iron/install/launch_testing_ros:/home/ubuntu/ros2_iron/install/launch_ros:/home/ubuntu/ros2_iron/install/examples_rclpy_minimal_action_server:/home/ubuntu/ros2_iron/install/examples_rclpy_minimal_action_client:/home/ubuntu/ros2_iron/install/examples_rclpy_guard_conditions:/home/ubuntu/ros2_iron/install/action_tutorials_py:/home/ubuntu/ros2_iron/install/ament_uncrustify:/home/ubuntu/ros2_iron/install/tracetools_trace:/home/ubuntu/ros2_iron/install/tracetools_read:/home/ubuntu/ros2_iron/install/test_tracetools_launch:/home/ubuntu/ros2_iron/install/test_ros2trace:/home/ubuntu/ros2_iron/install/test_launch_ros:/home/ubuntu/ros2_iron/install/rpyutils:/home/ubuntu/ros2_iron/install/rosidl_runtime_py:/home/ubuntu/ros2_iron/install/rosidl_pycommon:/home/ubuntu/ros2_iron/install/rosidl_cli:/home/ubuntu/ros2_iron/install/launch_pytest:/home/ubuntu/ros2_iron/install/launch_testing:/home/ubuntu/ros2_iron/install/launch_yaml:/home/ubuntu/ros2_iron/install/launch_xml:/home/ubuntu/ros2_iron/install/launch:/home/ubuntu/ros2_iron/install/osrf_pycommon:/home/ubuntu/ros2_iron/install/domain_coordinator:/home/ubuntu/ros2_iron/install/ament_xmllint:/home/ubuntu/ros2_iron/install/ament_pyflakes:/home/ubuntu/ros2_iron/install/ament_pycodestyle:/home/ubuntu/ros2_iron/install/ament_pep257:/home/ubuntu/ros2_iron/install/ament_pclint:/home/ubuntu/ros2_iron/install/ament_package:/home/ubuntu/ros2_iron/install/ament_mypy:/home/ubuntu/ros2_iron/install/ament_lint_cmake:/home/ubuntu/ros2_iron/install/ament_flake8:/home/ubuntu/ros2_iron/install/ament_copyright:/home/ubuntu/ros2_iron/install/ament_lint:/home/ubuntu/ros2_iron/install/ament_index_python:/home/ubuntu/ros2_iron/install/ament_cpplint:/home/ubuntu/ros2_iron/install/ament_cppcheck:/home/ubuntu/ros2_iron/install/ament_clang_tidy:/home/ubuntu/ros2_iron/install/ament_clang_format /usr/bin/cmake /home/ubuntu/ros2_ws/src/ros_tutorials/turtlesim -DCMAKE_INSTALL_PREFIX=/home/ubuntu/ros2_ws/src/install/turtlesim
[6.972s] DEBUG:colcon.colcon_core.event_handler.log_command:Invoking command in '/home/ubuntu/ros2_ws/src/build/turtlesim': CMAKE_PREFIX_PATH=${CMAKE_PREFIX_PATH}:/home/ubuntu/ros2_iron/install/rqt_bag_plugins:/home/ubuntu/ros2_iron/install/rqt_bag:/home/ubuntu/ros2_iron/install/rosbag2_examples_py:/home/ubuntu/ros2_iron/install/launch_testing_examples:/home/ubuntu/ros2_iron/install/ros2bag:/home/ubuntu/ros2_iron/install/tracetools_test:/home/ubuntu/ros2_iron/install/tracetools_launch:/home/ubuntu/ros2_iron/install/topic_monitor:/home/ubuntu/ros2_iron/install/tf2_tools:/home/ubuntu/ros2_iron/install/examples_tf2_py:/home/ubuntu/ros2_iron/install/tf2_ros_py:/home/ubuntu/ros2_iron/install/examples_rclpy_pointcloud_publisher:/home/ubuntu/ros2_iron/install/sensor_msgs_py:/home/ubuntu/ros2_iron/install/quality_of_service_demo_py:/home/ubuntu/ros2_iron/install/rqt_plot:/home/ubuntu/ros2_iron/install/ros2doctor:/home/ubuntu/ros2_iron/install/lifecycle_py:/home/ubuntu/ros2_iron/install/examples_rclpy_minimal_subscriber:/home/ubuntu/ros2_iron/install/examples_rclpy_minimal_service:/home/ubuntu/ros2_iron/install/examples_rclpy_minimal_publisher:/home/ubuntu/ros2_iron/install/examples_rclpy_minimal_client:/home/ubuntu/ros2_iron/install/examples_rclpy_executors:/home/ubuntu/ros2_iron/install/demo_nodes_py:/home/ubuntu/ros2_iron/install/rqt:/home/ubuntu/ros2_iron/install/ros2component:/home/ubuntu/ros2_iron/install/sros2:/home/ubuntu/ros2_iron/install/rqt_topic:/home/ubuntu/ros2_iron/install/rqt_srv:/home/ubuntu/ros2_iron/install/rqt_shell:/home/ubuntu/ros2_iron/install/rqt_service_caller:/home/ubuntu/ros2_iron/install/rqt_reconfigure:/home/ubuntu/ros2_iron/install/rqt_py_console:/home/ubuntu/ros2_iron/install/rqt_publisher:/home/ubuntu/ros2_iron/install/rqt_action:/home/ubuntu/ros2_iron/install/rqt_msg:/home/ubuntu/ros2_iron/install/rqt_console:/home/ubuntu/ros2_iron/install/rqt_graph:/home/ubuntu/ros2_iron/install/rqt_gui_py:/home/ubuntu/ros2_iron/install/rqt_gui:/home/ubuntu/ros2_iron/install/ros2trace:/home/ubuntu/ros2_iron/install/ros2topic:/home/ubuntu/ros2_iron/install/ros2test:/home/ubuntu/ros2_iron/install/ros2param:/home/ubuntu/ros2_iron/install/ros2lifecycle:/home/ubuntu/ros2_iron/install/ros2service:/home/ubuntu/ros2_iron/install/ros2run:/home/ubuntu/ros2_iron/install/ros2launch:/home/ubuntu/ros2_iron/install/ros2pkg:/home/ubuntu/ros2_iron/install/ros2node:/home/ubuntu/ros2_iron/install/ros2multicast:/home/ubuntu/ros2_iron/install/ros2interface:/home/ubuntu/ros2_iron/install/ros2action:/home/ubuntu/ros2_iron/install/ros2cli:/home/ubuntu/ros2_iron/install/launch_testing_ros:/home/ubuntu/ros2_iron/install/launch_ros:/home/ubuntu/ros2_iron/install/examples_rclpy_minimal_action_server:/home/ubuntu/ros2_iron/install/examples_rclpy_minimal_action_client:/home/ubuntu/ros2_iron/install/examples_rclpy_guard_conditions:/home/ubuntu/ros2_iron/install/action_tutorials_py:/home/ubuntu/ros2_iron/install/ament_uncrustify:/home/ubuntu/ros2_iron/install/tracetools_trace:/home/ubuntu/ros2_iron/install/tracetools_read:/home/ubuntu/ros2_iron/install/test_tracetools_launch:/home/ubuntu/ros2_iron/install/test_ros2trace:/home/ubuntu/ros2_iron/install/test_launch_ros:/home/ubuntu/ros2_iron/install/rpyutils:/home/ubuntu/ros2_iron/install/rosidl_runtime_py:/home/ubuntu/ros2_iron/install/rosidl_pycommon:/home/ubuntu/ros2_iron/install/rosidl_cli:/home/ubuntu/ros2_iron/install/launch_pytest:/home/ubuntu/ros2_iron/install/launch_testing:/home/ubuntu/ros2_iron/install/launch_yaml:/home/ubuntu/ros2_iron/install/launch_xml:/home/ubuntu/ros2_iron/install/launch:/home/ubuntu/ros2_iron/install/osrf_pycommon:/home/ubuntu/ros2_iron/install/domain_coordinator:/home/ubuntu/ros2_iron/install/ament_xmllint:/home/ubuntu/ros2_iron/install/ament_pyflakes:/home/ubuntu/ros2_iron/install/ament_pycodestyle:/home/ubuntu/ros2_iron/install/ament_pep257:/home/ubuntu/ros2_iron/install/ament_pclint:/home/ubuntu/ros2_iron/install/ament_package:/home/ubuntu/ros2_iron/install/ament_mypy:/home/ubuntu/ros2_iron/install/ament_lint_cmake:/home/ubuntu/ros2_iron/install/ament_flake8:/home/ubuntu/ros2_iron/install/ament_copyright:/home/ubuntu/ros2_iron/install/ament_lint:/home/ubuntu/ros2_iron/install/ament_index_python:/home/ubuntu/ros2_iron/install/ament_cpplint:/home/ubuntu/ros2_iron/install/ament_cppcheck:/home/ubuntu/ros2_iron/install/ament_clang_tidy:/home/ubuntu/ros2_iron/install/ament_clang_format /usr/bin/cmake --build /home/ubuntu/ros2_ws/src/build/turtlesim -- -j2 -l2
[15.608s] DEBUG:colcon.colcon_parallel_executor.executor.parallel:run_until_complete was interrupted
[15.608s] DEBUG:colcon.colcon_parallel_executor.executor.parallel:run_until_complete again
[15.610s] DEBUG:colcon.colcon_core.event_handler.log_command:Invoked command in '/home/ubuntu/ros2_ws/src/build/turtlesim' returned '-2': CMAKE_PREFIX_PATH=${CMAKE_PREFIX_PATH}:/home/ubuntu/ros2_iron/install/rqt_bag_plugins:/home/ubuntu/ros2_iron/install/rqt_bag:/home/ubuntu/ros2_iron/install/rosbag2_examples_py:/home/ubuntu/ros2_iron/install/launch_testing_examples:/home/ubuntu/ros2_iron/install/ros2bag:/home/ubuntu/ros2_iron/install/tracetools_test:/home/ubuntu/ros2_iron/install/tracetools_launch:/home/ubuntu/ros2_iron/install/topic_monitor:/home/ubuntu/ros2_iron/install/tf2_tools:/home/ubuntu/ros2_iron/install/examples_tf2_py:/home/ubuntu/ros2_iron/install/tf2_ros_py:/home/ubuntu/ros2_iron/install/examples_rclpy_pointcloud_publisher:/home/ubuntu/ros2_iron/install/sensor_msgs_py:/home/ubuntu/ros2_iron/install/quality_of_service_demo_py:/home/ubuntu/ros2_iron/install/rqt_plot:/home/ubuntu/ros2_iron/install/ros2doctor:/home/ubuntu/ros2_iron/install/lifecycle_py:/home/ubuntu/ros2_iron/install/examples_rclpy_minimal_subscriber:/home/ubuntu/ros2_iron/install/examples_rclpy_minimal_service:/home/ubuntu/ros2_iron/install/examples_rclpy_minimal_publisher:/home/ubuntu/ros2_iron/install/examples_rclpy_minimal_client:/home/ubuntu/ros2_iron/install/examples_rclpy_executors:/home/ubuntu/ros2_iron/install/demo_nodes_py:/home/ubuntu/ros2_iron/install/rqt:/home/ubuntu/ros2_iron/install/ros2component:/home/ubuntu/ros2_iron/install/sros2:/home/ubuntu/ros2_iron/install/rqt_topic:/home/ubuntu/ros2_iron/install/rqt_srv:/home/ubuntu/ros2_iron/install/rqt_shell:/home/ubuntu/ros2_iron/install/rqt_service_caller:/home/ubuntu/ros2_iron/install/rqt_reconfigure:/home/ubuntu/ros2_iron/install/rqt_py_console:/home/ubuntu/ros2_iron/install/rqt_publisher:/home/ubuntu/ros2_iron/install/rqt_action:/home/ubuntu/ros2_iron/install/rqt_msg:/home/ubuntu/ros2_iron/install/rqt_console:/home/ubuntu/ros2_iron/install/rqt_graph:/home/ubuntu/ros2_iron/install/rqt_gui_py:/home/ubuntu/ros2_iron/install/rqt_gui:/home/ubuntu/ros2_iron/install/ros2trace:/home/ubuntu/ros2_iron/install/ros2topic:/home/ubuntu/ros2_iron/install/ros2test:/home/ubuntu/ros2_iron/install/ros2param:/home/ubuntu/ros2_iron/install/ros2lifecycle:/home/ubuntu/ros2_iron/install/ros2service:/home/ubuntu/ros2_iron/install/ros2run:/home/ubuntu/ros2_iron/install/ros2launch:/home/ubuntu/ros2_iron/install/ros2pkg:/home/ubuntu/ros2_iron/install/ros2node:/home/ubuntu/ros2_iron/install/ros2multicast:/home/ubuntu/ros2_iron/install/ros2interface:/home/ubuntu/ros2_iron/install/ros2action:/home/ubuntu/ros2_iron/install/ros2cli:/home/ubuntu/ros2_iron/install/launch_testing_ros:/home/ubuntu/ros2_iron/install/launch_ros:/home/ubuntu/ros2_iron/install/examples_rclpy_minimal_action_server:/home/ubuntu/ros2_iron/install/examples_rclpy_minimal_action_client:/home/ubuntu/ros2_iron/install/examples_rclpy_guard_conditions:/home/ubuntu/ros2_iron/install/action_tutorials_py:/home/ubuntu/ros2_iron/install/ament_uncrustify:/home/ubuntu/ros2_iron/install/tracetools_trace:/home/ubuntu/ros2_iron/install/tracetools_read:/home/ubuntu/ros2_iron/install/test_tracetools_launch:/home/ubuntu/ros2_iron/install/test_ros2trace:/home/ubuntu/ros2_iron/install/test_launch_ros:/home/ubuntu/ros2_iron/install/rpyutils:/home/ubuntu/ros2_iron/install/rosidl_runtime_py:/home/ubuntu/ros2_iron/install/rosidl_pycommon:/home/ubuntu/ros2_iron/install/rosidl_cli:/home/ubuntu/ros2_iron/install/launch_pytest:/home/ubuntu/ros2_iron/install/launch_testing:/home/ubuntu/ros2_iron/install/launch_yaml:/home/ubuntu/ros2_iron/install/launch_xml:/home/ubuntu/ros2_iron/install/launch:/home/ubuntu/ros2_iron/install/osrf_pycommon:/home/ubuntu/ros2_iron/install/domain_coordinator:/home/ubuntu/ros2_iron/install/ament_xmllint:/home/ubuntu/ros2_iron/install/ament_pyflakes:/home/ubuntu/ros2_iron/install/ament_pycodestyle:/home/ubuntu/ros2_iron/install/ament_pep257:/home/ubuntu/ros2_iron/install/ament_pclint:/home/ubuntu/ros2_iron/install/ament_package:/home/ubuntu/ros2_iron/install/ament_mypy:/home/ubuntu/ros2_iron/install/ament_lint_cmake:/home/ubuntu/ros2_iron/install/ament_flake8:/home/ubuntu/ros2_iron/install/ament_copyright:/home/ubuntu/ros2_iron/install/ament_lint:/home/ubuntu/ros2_iron/install/ament_index_python:/home/ubuntu/ros2_iron/install/ament_cpplint:/home/ubuntu/ros2_iron/install/ament_cppcheck:/home/ubuntu/ros2_iron/install/ament_clang_tidy:/home/ubuntu/ros2_iron/install/ament_clang_format /usr/bin/cmake --build /home/ubuntu/ros2_ws/src/build/turtlesim -- -j2 -l2
[16.626s] Level 1:colcon.colcon_core.environment:create_environment_scripts_only(turtlesim)
[16.639s] Level 1:colcon.colcon_core.environment:checking '/home/ubuntu/ros2_ws/src/install/turtlesim' for CMake module files
[16.640s] Level 1:colcon.colcon_core.environment:checking '/home/ubuntu/ros2_ws/src/install/turtlesim' for CMake config files
[16.640s] Level 1:colcon.colcon_core.environment:checking '/home/ubuntu/ros2_ws/src/install/turtlesim/bin'
[16.640s] Level 1:colcon.colcon_core.environment:checking '/home/ubuntu/ros2_ws/src/install/turtlesim/lib/pkgconfig/turtlesim.pc'
[16.642s] Level 1:colcon.colcon_core.environment:checking '/home/ubuntu/ros2_ws/src/install/turtlesim/lib/python3.10/site-packages'
[16.642s] Level 1:colcon.colcon_core.environment:checking '/home/ubuntu/ros2_ws/src/install/turtlesim/bin'
[16.643s] INFO:colcon.colcon_core.shell:Creating package script '/home/ubuntu/ros2_ws/src/install/turtlesim/share/turtlesim/package.ps1'
[16.644s] INFO:colcon.colcon_core.shell:Creating package descriptor '/home/ubuntu/ros2_ws/src/install/turtlesim/share/turtlesim/package.dsv'
[16.644s] INFO:colcon.colcon_core.shell:Creating package script '/home/ubuntu/ros2_ws/src/install/turtlesim/share/turtlesim/package.sh'
[16.644s] INFO:colcon.colcon_core.shell:Creating package script '/home/ubuntu/ros2_ws/src/install/turtlesim/share/turtlesim/package.bash'
[16.645s] INFO:colcon.colcon_core.shell:Creating package script '/home/ubuntu/ros2_ws/src/install/turtlesim/share/turtlesim/package.zsh'
[16.645s] Level 1:colcon.colcon_core.environment:create_file_with_runtime_dependencies(/home/ubuntu/ros2_ws/src/install/turtlesim/share/colcon-core/packages/turtlesim)
[16.662s] DEBUG:colcon.colcon_parallel_executor.executor.parallel:run_until_complete finished
[16.662s] DEBUG:colcon.colcon_parallel_executor.executor.parallel:closing loop
[16.662s] DEBUG:colcon.colcon_parallel_executor.executor.parallel:loop closed
[16.663s] DEBUG:colcon.colcon_core.event_reactor:joining thread
[16.674s] INFO:colcon.colcon_core.plugin_system:Skipping extension 'colcon_notification.desktop_notification.terminal_notifier': Not used on non-Darwin systems
[16.674s] INFO:colcon.colcon_core.plugin_system:Skipping extension 'colcon_notification.desktop_notification.win32': Not used on non-Windows systems
[16.674s] INFO:colcon.colcon_notification.desktop_notification:Sending desktop notification using 'notify2'
[16.686s] DEBUG:colcon.colcon_core.event_reactor:joined thread
[16.688s] INFO:colcon.colcon_core.shell:Creating prefix script '/home/ubuntu/ros2_ws/src/install/local_setup.ps1'
[16.688s] INFO:colcon.colcon_core.shell:Creating prefix util module '/home/ubuntu/ros2_ws/src/install/_local_setup_util_ps1.py'
[16.689s] INFO:colcon.colcon_core.shell:Creating prefix chain script '/home/ubuntu/ros2_ws/src/install/setup.ps1'
[16.700s] INFO:colcon.colcon_core.shell:Creating prefix script '/home/ubuntu/ros2_ws/src/install/local_setup.sh'
[16.701s] INFO:colcon.colcon_core.shell:Creating prefix util module '/home/ubuntu/ros2_ws/src/install/_local_setup_util_sh.py'
[16.701s] INFO:colcon.colcon_core.shell:Creating prefix chain script '/home/ubuntu/ros2_ws/src/install/setup.sh'
[16.712s] INFO:colcon.colcon_core.shell:Creating prefix script '/home/ubuntu/ros2_ws/src/install/local_setup.bash'
[16.712s] INFO:colcon.colcon_core.shell:Creating prefix chain script '/home/ubuntu/ros2_ws/src/install/setup.bash'
[16.726s] INFO:colcon.colcon_core.shell:Creating prefix script '/home/ubuntu/ros2_ws/src/install/local_setup.zsh'
[16.726s] INFO:colcon.colcon_core.shell:Creating prefix chain script '/home/ubuntu/ros2_ws/src/install/setup.zsh'
